Build started 2011-2-26 11:07:08.
     1>Project "d:\My Projects\Comp128\Comp128\Comp128.vcxproj" on node 2 (build target(s)).
     1>InitializeBuildStatus:
         Creating "Debug\Comp128.unsuccessfulbuild" because "AlwaysCreate" was specified.
       ClCompile:
         C:\Program Files\Microsoft Visual Studio 10.0\VC\bin\CL.exe /c /ZI /nologo /W3 /WX- /Od /Oy- /D WIN32 /D _DEBUG /D _CONSOLE /D _MBCS /Gm /EHsc /RTC1 /MDd /GS /fp:precise /Zc:wchar_t /Zc:forScope /Fo"Debug\\" /Fd"Debug\vc100.pdb" /Gd /TP /analyze- /errorReport:prompt serial.cpp
         serial.cpp
       ManifestResourceCompile:
         All outputs are up-to-date.
       Link:
         C:\Program Files\Microsoft Visual Studio 10.0\VC\bin\link.exe /ERRORREPORT:PROMPT /OUT:"C:\Documents and Settings\Rubin\terminal_emulator\Debug\Comp128.exe" /INCREMENTAL /NOLOGO kernel32.lib user32.lib gdi32.lib winspool.lib comdlg32.lib advapi32.lib shell32.lib ole32.lib oleaut32.lib uuid.lib odbc32.lib odbccp32.lib /MANIFEST /ManifestFile:"Debug\Comp128.exe.intermediate.manifest" /MANIFESTUAC:"level='asInvoker' uiAccess='false'" /DEBUG /PDB:"C:\Documents and Settings\Rubin\terminal_emulator\Debug\Comp128.pdb" /SUBSYSTEM:CONSOLE /TLBID:1 /DYNAMICBASE /NXCOMPAT /IMPLIB:"C:\Documents and Settings\Rubin\terminal_emulator\Debug\Comp128.lib" /MACHINE:X86 Debug\Comp128.exe.embed.manifest.res
         Debug\serial.obj
       Manifest:
         C:\Program Files\Microsoft SDKs\Windows\v7.0A\bin\mt.exe /nologo /verbose /out:"Debug\Comp128.exe.embed.manifest" /manifest Debug\Comp128.exe.intermediate.manifest
         All outputs are up-to-date.
       LinkEmbedManifest:
         All outputs are up-to-date.
         Comp128.vcxproj -> C:\Documents and Settings\Rubin\terminal_emulator\Debug\Comp128.exe
       FinalizeBuildStatus:
         Deleting file "Debug\Comp128.unsuccessfulbuild".
         Touching "Debug\Comp128.lastbuildstate".
     1>Done Building Project "d:\My Projects\Comp128\Comp128\Comp128.vcxproj" (build target(s)).

Build succeeded.

Time Elapsed 00:00:02.07
